app/build/intermediates/manifest_merge_blame_file/release/manifest-merger-blame-release-report.txt
1<?xml version="1.0" encoding="utf-8"?>
2<manifest xmlns:android="http://schemas.android.com/apk/res/android"
3    package="com.zebra.android.barcode.duplicator"
4    android:versionCode="2"
5    android:versionName="1.1" >
6
7    <uses-sdk
7-->src\main\AndroidManifest.xml:7:5-9:41
8        android:minSdkVersion="25"
8-->src\main\AndroidManifest.xml:8:9-35
9        android:targetSdkVersion="34" />
9-->src\main\AndroidManifest.xml:9:9-38
10
11    <uses-permission android:name="android.permission.WRITE_EXTERNAL_STORAGE" />
11-->src\main\AndroidManifest.xml:10:5-81
11-->src\main\AndroidManifest.xml:10:22-78
12    <uses-permission android:name="android.permission.BLUETOOTH_SCAN" />
12-->src\main\AndroidManifest.xml:11:5-73
12-->src\main\AndroidManifest.xml:11:22-70
13    <uses-permission android:name="android.permission.BLUETOOTH_CONNECT" />
13-->src\main\AndroidManifest.xml:12:5-76
13-->src\main\AndroidManifest.xml:12:22-73
14    <uses-permission android:name="android.permission.BLUETOOTH" />
14-->src\main\AndroidManifest.xml:13:5-68
14-->src\main\AndroidManifest.xml:13:22-65
15    <uses-permission android:name="android.permission.BLUETOOTH_ADMIN" />
15-->src\main\AndroidManifest.xml:14:5-74
15-->src\main\AndroidManifest.xml:14:22-71
16    <uses-permission android:name="android.permission.CHANGE_WIFI_MULTICAST_STATE" />
16-->src\main\AndroidManifest.xml:15:5-86
16-->src\main\AndroidManifest.xml:15:22-83
17    <uses-permission android:name="android.permission.INTERNET" />
17-->src\main\AndroidManifest.xml:16:5-67
17-->src\main\AndroidManifest.xml:16:22-64
18    <uses-permission android:name="android.permission.CAMERA" />
18-->src\main\AndroidManifest.xml:17:5-65
18-->src\main\AndroidManifest.xml:17:22-62
19    <uses-permission android:name="android.permission.VIBRATE" />
19-->src\main\AndroidManifest.xml:18:5-66
19-->src\main\AndroidManifest.xml:18:22-63
20    <uses-permission android:name="android.permission.FLASHLIGHT" />
20-->src\main\AndroidManifest.xml:19:5-69
20-->src\main\AndroidManifest.xml:19:22-66
21    <uses-permission android:name="android.permission.ACCESS_FINE_LOCATION" />
21-->src\main\AndroidManifest.xml:20:2-21:45
21-->src\main\AndroidManifest.xml:20:19-73
22    <uses-permission android:name="android.permission.WRITE_EXTERNAL_STORAGE" />
22-->src\main\AndroidManifest.xml:10:5-81
22-->src\main\AndroidManifest.xml:10:22-78
23    <uses-permission android:name="android.permission.READ_EXTERNAL_STORAGE" />
23-->src\main\AndroidManifest.xml:23:5-80
23-->src\main\AndroidManifest.xml:23:22-77
24    <uses-permission android:name="android.permission.NFC" />
24-->src\main\AndroidManifest.xml:25:5-62
24-->src\main\AndroidManifest.xml:25:22-59
25
26    <uses-feature
26-->src\main\AndroidManifest.xml:27:2-83
27        android:name="android.hardware.usb.host"
27-->src\main\AndroidManifest.xml:27:16-56
28        android:required="false" />
28-->src\main\AndroidManifest.xml:27:57-81
29    <uses-feature android:name="android.hardware.camera" />
29-->src\main\AndroidManifest.xml:29:5-60
29-->src\main\AndroidManifest.xml:29:19-57
30    <uses-feature android:name="android.hardware.camera.autofocus" />
30-->src\main\AndroidManifest.xml:30:5-70
30-->src\main\AndroidManifest.xml:30:19-67
31    <uses-feature
31-->src\main\AndroidManifest.xml:31:5-81
32        android:name="android.hardware.nfc"
32-->src\main\AndroidManifest.xml:31:19-54
33        android:required="true" />
33-->src\main\AndroidManifest.xml:31:55-78
34    <uses-feature
34-->[com.journeyapps:zxing-android-embedded:3.6.0] AndroidManifest.xml:28:5-30:36
35        android:name="android.hardware.camera.front"
35-->[com.journeyapps:zxing-android-embedded:3.6.0] AndroidManifest.xml:29:9-53
36        android:required="false" />
36-->[com.journeyapps:zxing-android-embedded:3.6.0] AndroidManifest.xml:30:9-33
37    <uses-feature
37-->[com.journeyapps:zxing-android-embedded:3.6.0] AndroidManifest.xml:36:5-38:36
38        android:name="android.hardware.camera.flash"
38-->[com.journeyapps:zxing-android-embedded:3.6.0] AndroidManifest.xml:37:9-53
39        android:required="false" />
39-->[com.journeyapps:zxing-android-embedded:3.6.0] AndroidManifest.xml:38:9-33
40    <uses-feature
40-->[com.journeyapps:zxing-android-embedded:3.6.0] AndroidManifest.xml:39:5-41:36
41        android:name="android.hardware.screen.landscape"
41-->[com.journeyapps:zxing-android-embedded:3.6.0] AndroidManifest.xml:40:9-57
42        android:required="false" />
42-->[com.journeyapps:zxing-android-embedded:3.6.0] AndroidManifest.xml:41:9-33
43    <uses-feature
43-->[com.journeyapps:zxing-android-embedded:3.6.0] AndroidManifest.xml:42:5-44:36
44        android:name="android.hardware.wifi"
44-->[com.journeyapps:zxing-android-embedded:3.6.0] AndroidManifest.xml:43:9-45
45        android:required="false" />
45-->[com.journeyapps:zxing-android-embedded:3.6.0] AndroidManifest.xml:44:9-33
46
47    <meta-data
47-->[com.android.support:support-v4:25.3.1] AndroidManifest.xml:25:5-27:34
48        android:name="android.support.VERSION"
48-->[com.android.support:support-v4:25.3.1] AndroidManifest.xml:26:9-47
49        android:value="25.3.1" />
49-->[com.android.support:support-v4:25.3.1] AndroidManifest.xml:27:9-31
50
51    <application
51-->src\main\AndroidManifest.xml:33:5-256:19
52        android:allowBackup="false"
52-->src\main\AndroidManifest.xml:36:9-36
53        android:extractNativeLibs="false"
54        android:icon="@drawable/icon"
54-->src\main\AndroidManifest.xml:34:9-38
55        android:label="@string/app_name" >
55-->src\main\AndroidManifest.xml:35:9-41
56        <activity
56-->src\main\AndroidManifest.xml:38:9-48:20
57            android:name="com.zebra.android.devdemo.LoadDevDemo"
57-->src\main\AndroidManifest.xml:39:13-65
58            android:exported="true"
58-->src\main\AndroidManifest.xml:42:13-36
59            android:label="@string/app_name"
59-->src\main\AndroidManifest.xml:40:13-45
60            android:screenOrientation="portrait" >
60-->src\main\AndroidManifest.xml:41:13-49
61            <intent-filter>
61-->src\main\AndroidManifest.xml:43:13-47:29
62                <action android:name="android.intent.action.MAIN" />
62-->src\main\AndroidManifest.xml:44:17-69
62-->src\main\AndroidManifest.xml:44:25-66
63
64                <category android:name="android.intent.category.LAUNCHER" />
64-->src\main\AndroidManifest.xml:46:17-77
64-->src\main\AndroidManifest.xml:46:27-74
65            </intent-filter>
66        </activity>
67        <activity
67-->src\main\AndroidManifest.xml:49:9-54:55
68            android:name="com.zebra.android.devdemo.discovery.DiscoveryDemo"
68-->src\main\AndroidManifest.xml:50:13-77
69            android:configChanges="keyboardHidden|orientation"
69-->src\main\AndroidManifest.xml:51:13-63
70            android:label="Discovery Demo"
70-->src\main\AndroidManifest.xml:52:13-43
71            android:screenOrientation="portrait"
71-->src\main\AndroidManifest.xml:53:13-49
72            android:windowSoftInputMode="adjustPan" />
72-->src\main\AndroidManifest.xml:54:13-52
73        <activity
73-->src\main\AndroidManifest.xml:55:9-60:55
74            android:name="com.zebra.android.devdemo.discovery.BluetoothDiscovery"
74-->src\main\AndroidManifest.xml:56:13-82
75            android:configChanges="keyboardHidden|orientation"
75-->src\main\AndroidManifest.xml:57:13-63
76            android:label="Discovered Printers"
76-->src\main\AndroidManifest.xml:58:13-48
77            android:screenOrientation="portrait"
77-->src\main\AndroidManifest.xml:59:13-49
78            android:windowSoftInputMode="adjustPan" />
78-->src\main\AndroidManifest.xml:60:13-52
79        <activity
79-->src\main\AndroidManifest.xml:61:9-66:55
80            android:name="com.zebra.android.devdemo.discovery.MulticastDiscoveryResultList"
80-->src\main\AndroidManifest.xml:62:13-92
81            android:configChanges="keyboardHidden|orientation"
81-->src\main\AndroidManifest.xml:63:13-63
82            android:label="Discovered Printers"
82-->src\main\AndroidManifest.xml:64:13-48
83            android:screenOrientation="portrait"
83-->src\main\AndroidManifest.xml:65:13-49
84            android:windowSoftInputMode="adjustPan" />
84-->src\main\AndroidManifest.xml:66:13-52
85        <activity
85-->src\main\AndroidManifest.xml:67:9-72:55
86            android:name="com.zebra.android.devdemo.discovery.DirectedBroadcastResultList"
86-->src\main\AndroidManifest.xml:68:13-91
87            android:configChanges="keyboardHidden|orientation"
87-->src\main\AndroidManifest.xml:69:13-63
88            android:label="Discovered Printers"
88-->src\main\AndroidManifest.xml:70:13-48
89            android:screenOrientation="portrait"
89-->src\main\AndroidManifest.xml:71:13-49
90            android:windowSoftInputMode="adjustPan" />
90-->src\main\AndroidManifest.xml:72:13-52
91        <activity
91-->src\main\AndroidManifest.xml:73:9-78:55
92            android:name="com.zebra.android.devdemo.sendfile.FromPhone"
92-->src\main\AndroidManifest.xml:74:13-72
93            android:configChanges="keyboardHidden|orientation"
93-->src\main\AndroidManifest.xml:75:13-63
94            android:label="Send To Printer"
94-->src\main\AndroidManifest.xml:76:13-44
95            android:screenOrientation="portrait"
95-->src\main\AndroidManifest.xml:77:13-49
96            android:windowSoftInputMode="adjustPan" />
96-->src\main\AndroidManifest.xml:78:13-52
97        <activity
97-->src\main\AndroidManifest.xml:79:9-84:55
98            android:name="com.zebra.android.devdemo.discovery.DirectedBroadcastParameters"
98-->src\main\AndroidManifest.xml:80:13-91
99            android:configChanges="keyboardHidden|orientation"
99-->src\main\AndroidManifest.xml:81:13-63
100            android:label="Directed Broadcast Parameters"
100-->src\main\AndroidManifest.xml:82:13-58
101            android:screenOrientation="portrait"
101-->src\main\AndroidManifest.xml:83:13-49
102            android:windowSoftInputMode="adjustPan" />
102-->src\main\AndroidManifest.xml:84:13-52
103        <activity
103-->src\main\AndroidManifest.xml:85:9-90:55
104            android:name="com.zebra.android.devdemo.discovery.SubnetSearchResultList"
104-->src\main\AndroidManifest.xml:86:13-86
105            android:configChanges="keyboardHidden|orientation"
105-->src\main\AndroidManifest.xml:87:13-63
106            android:label="Discovered Printers"
106-->src\main\AndroidManifest.xml:88:13-48
107            android:screenOrientation="portrait"
107-->src\main\AndroidManifest.xml:89:13-49
108            android:windowSoftInputMode="adjustPan" />
108-->src\main\AndroidManifest.xml:90:13-52
109        <activity
109-->src\main\AndroidManifest.xml:91:9-96:55
110            android:name="com.zebra.android.devdemo.discovery.SubnetSearchParameters"
110-->src\main\AndroidManifest.xml:92:13-86
111            android:configChanges="keyboardHidden|orientation"
111-->src\main\AndroidManifest.xml:93:13-63
112            android:label="Subnet Search Parameters"
112-->src\main\AndroidManifest.xml:94:13-53
113            android:screenOrientation="portrait"
113-->src\main\AndroidManifest.xml:95:13-49
114            android:windowSoftInputMode="adjustPan" />
114-->src\main\AndroidManifest.xml:96:13-52
115        <activity
115-->src\main\AndroidManifest.xml:97:9-102:55
116            android:name="com.zebra.android.devdemo.discovery.LocalBroadcastDiscoveryResultList"
116-->src\main\AndroidManifest.xml:98:13-97
117            android:configChanges="keyboardHidden|orientation"
117-->src\main\AndroidManifest.xml:99:13-63
118            android:label="Discovered Printers"
118-->src\main\AndroidManifest.xml:100:13-48
119            android:screenOrientation="portrait"
119-->src\main\AndroidManifest.xml:101:13-49
120            android:windowSoftInputMode="adjustPan" />
120-->src\main\AndroidManifest.xml:102:13-52
121        <activity
121-->src\main\AndroidManifest.xml:103:9-108:55
122            android:name="com.zebra.android.devdemo.discovery.FindPrintersDiscoveryResultList"
122-->src\main\AndroidManifest.xml:104:13-95
123            android:configChanges="keyboardHidden|orientation"
123-->src\main\AndroidManifest.xml:105:13-63
124            android:label="Discovered Printers"
124-->src\main\AndroidManifest.xml:106:13-48
125            android:screenOrientation="portrait"
125-->src\main\AndroidManifest.xml:107:13-49
126            android:windowSoftInputMode="adjustPan" />
126-->src\main\AndroidManifest.xml:108:13-52
127        <activity
127-->src\main\AndroidManifest.xml:109:9-114:55
128            android:name="com.zebra.android.devdemo.discovery.MulticastDiscoveryParameters"
128-->src\main\AndroidManifest.xml:110:13-92
129            android:configChanges="keyboardHidden|orientation"
129-->src\main\AndroidManifest.xml:111:13-63
130            android:label="Multicast Parameters"
130-->src\main\AndroidManifest.xml:112:13-49
131            android:screenOrientation="portrait"
131-->src\main\AndroidManifest.xml:113:13-49
132            android:windowSoftInputMode="adjustPan" />
132-->src\main\AndroidManifest.xml:114:13-52
133        <activity
133-->src\main\AndroidManifest.xml:115:9-120:55
134            android:name="com.zebra.android.devdemo.imageprint.ImagePrintDemo"
134-->src\main\AndroidManifest.xml:116:13-79
135            android:configChanges="keyboardHidden|orientation"
135-->src\main\AndroidManifest.xml:117:13-63
136            android:label="Image Print Demo"
136-->src\main\AndroidManifest.xml:118:13-45
137            android:screenOrientation="portrait"
137-->src\main\AndroidManifest.xml:119:13-49
138            android:windowSoftInputMode="adjustPan" />
138-->src\main\AndroidManifest.xml:120:13-52
139        <activity
139-->src\main\AndroidManifest.xml:121:9-126:55
140            android:name="com.zebra.android.devdemo.magcard.MagCardDemo"
140-->src\main\AndroidManifest.xml:122:13-73
141            android:configChanges="keyboardHidden|orientation"
141-->src\main\AndroidManifest.xml:123:13-63
142            android:label="Mag Card Demo"
142-->src\main\AndroidManifest.xml:124:13-42
143            android:screenOrientation="portrait"
143-->src\main\AndroidManifest.xml:125:13-49
144            android:windowSoftInputMode="adjustPan" />
144-->src\main\AndroidManifest.xml:126:13-52
145        <activity
145-->src\main\AndroidManifest.xml:127:9-132:55
146            android:name="com.zebra.android.devdemo.status.PrintStatusDemo"
146-->src\main\AndroidManifest.xml:128:13-76
147            android:configChanges="keyboardHidden|orientation"
147-->src\main\AndroidManifest.xml:129:13-63
148            android:label="Printer Status Demo"
148-->src\main\AndroidManifest.xml:130:13-48
149            android:screenOrientation="portrait"
149-->src\main\AndroidManifest.xml:131:13-49
150            android:windowSoftInputMode="adjustPan" />
150-->src\main\AndroidManifest.xml:132:13-52
151        <activity
151-->src\main\AndroidManifest.xml:133:9-138:55
152            android:name="com.zebra.android.devdemo.smartcard.SmartCardDemo"
152-->src\main\AndroidManifest.xml:134:13-77
153            android:configChanges="keyboardHidden|orientation"
153-->src\main\AndroidManifest.xml:135:13-63
154            android:label="Smart Card Demo"
154-->src\main\AndroidManifest.xml:136:13-44
155            android:screenOrientation="portrait"
155-->src\main\AndroidManifest.xml:137:13-49
156            android:windowSoftInputMode="adjustPan" />
156-->src\main\AndroidManifest.xml:138:13-52
157        <activity
157-->src\main\AndroidManifest.xml:139:9-144:55
158            android:name="com.zebra.android.devdemo.sigcapture.SigCaptureDemo"
158-->src\main\AndroidManifest.xml:140:13-79
159            android:configChanges="keyboardHidden|orientation"
159-->src\main\AndroidManifest.xml:141:13-63
160            android:label="Signature Capture Demo"
160-->src\main\AndroidManifest.xml:142:13-51
161            android:screenOrientation="portrait"
161-->src\main\AndroidManifest.xml:143:13-49
162            android:windowSoftInputMode="adjustPan" />
162-->src\main\AndroidManifest.xml:144:13-52
163        <activity
163-->src\main\AndroidManifest.xml:145:9-150:55
164            android:name="com.zebra.android.devdemo.storedformat.DisplayFieldsActivity"
164-->src\main\AndroidManifest.xml:146:13-88
165            android:configChanges="keyboardHidden|orientation"
165-->src\main\AndroidManifest.xml:147:13-63
166            android:label="Duplicate Barcode"
166-->src\main\AndroidManifest.xml:148:13-46
167            android:screenOrientation="portrait"
167-->src\main\AndroidManifest.xml:149:13-49
168            android:windowSoftInputMode="adjustPan" />
168-->src\main\AndroidManifest.xml:150:13-52
169        <activity
169-->src\main\AndroidManifest.xml:151:9-156:55
170            android:name="com.zebra.android.devdemo.storedformat.StoredFormatScreen"
170-->src\main\AndroidManifest.xml:152:13-85
171            android:configChanges="keyboardHidden|orientation"
171-->src\main\AndroidManifest.xml:153:13-63
172            android:label="Select Format"
172-->src\main\AndroidManifest.xml:154:13-42
173            android:screenOrientation="portrait"
173-->src\main\AndroidManifest.xml:155:13-49
174            android:windowSoftInputMode="adjustPan" />
174-->src\main\AndroidManifest.xml:156:13-52
175        <activity
175-->src\main\AndroidManifest.xml:157:9-161:55
176            android:name="com.zebra.android.devdemo.storedformat.StoredFormatDemo"
176-->src\main\AndroidManifest.xml:158:13-83
177            android:configChanges="keyboardHidden|orientation"
177-->src\main\AndroidManifest.xml:159:13-63
178            android:screenOrientation="portrait"
178-->src\main\AndroidManifest.xml:160:13-49
179            android:windowSoftInputMode="adjustPan" />
179-->src\main\AndroidManifest.xml:161:13-52
180        <activity
180-->src\main\AndroidManifest.xml:162:9-166:55
181            android:name="com.zebra.android.devdemo.storedformat.VariablesScreen"
181-->src\main\AndroidManifest.xml:163:13-82
182            android:configChanges="keyboardHidden|orientation"
182-->src\main\AndroidManifest.xml:164:13-63
183            android:screenOrientation="portrait"
183-->src\main\AndroidManifest.xml:165:13-49
184            android:windowSoftInputMode="adjustPan" />
184-->src\main\AndroidManifest.xml:166:13-52
185        <activity
185-->src\main\AndroidManifest.xml:167:9-172:55
186            android:name="com.zebra.android.devdemo.connectivity.ConnectivityDemo"
186-->src\main\AndroidManifest.xml:168:13-83
187            android:configChanges="keyboardHidden|orientation"
187-->src\main\AndroidManifest.xml:169:13-63
188            android:label="Connect To Printer"
188-->src\main\AndroidManifest.xml:170:13-47
189            android:screenOrientation="portrait"
189-->src\main\AndroidManifest.xml:171:13-49
190            android:windowSoftInputMode="adjustPan" />
190-->src\main\AndroidManifest.xml:172:13-52
191        <activity
191-->src\main\AndroidManifest.xml:173:9-178:55
192            android:name="com.zebra.android.devdemo.status.PrinterStatusScreen"
192-->src\main\AndroidManifest.xml:174:13-80
193            android:configChanges="keyboardHidden|orientation"
193-->src\main\AndroidManifest.xml:175:13-63
194            android:label="Status Messages"
194-->src\main\AndroidManifest.xml:176:13-44
195            android:screenOrientation="portrait"
195-->src\main\AndroidManifest.xml:177:13-49
196            android:windowSoftInputMode="adjustPan" />
196-->src\main\AndroidManifest.xml:178:13-52
197        <activity
197-->src\main\AndroidManifest.xml:179:9-184:55
198            android:name="com.zebra.android.devdemo.listformats.ListFormatsScreen"
198-->src\main\AndroidManifest.xml:180:13-83
199            android:configChanges="keyboardHidden|orientation"
199-->src\main\AndroidManifest.xml:181:13-63
200            android:label="List Formats Demo"
200-->src\main\AndroidManifest.xml:182:13-46
201            android:screenOrientation="portrait"
201-->src\main\AndroidManifest.xml:183:13-49
202            android:windowSoftInputMode="adjustPan" />
202-->src\main\AndroidManifest.xml:184:13-52
203        <activity
203-->src\main\AndroidManifest.xml:185:9-189:55
204            android:name="com.zebra.android.devdemo.listformats.ListFormatsDemo"
204-->src\main\AndroidManifest.xml:186:13-81
205            android:configChanges="keyboardHidden|orientation"
205-->src\main\AndroidManifest.xml:187:13-63
206            android:screenOrientation="portrait"
206-->src\main\AndroidManifest.xml:188:13-49
207            android:windowSoftInputMode="adjustPan" />
207-->src\main\AndroidManifest.xml:189:13-52
208        <activity
208-->src\main\AndroidManifest.xml:190:9-195:55
209            android:name="com.zebra.android.devdemo.statuschannel.StatusChannelDemo"
209-->src\main\AndroidManifest.xml:191:13-85
210            android:configChanges="keyboardHidden|orientation"
210-->src\main\AndroidManifest.xml:192:13-63
211            android:label="Status Channel"
211-->src\main\AndroidManifest.xml:193:13-43
212            android:screenOrientation="portrait"
212-->src\main\AndroidManifest.xml:194:13-49
213            android:windowSoftInputMode="adjustPan" />
213-->src\main\AndroidManifest.xml:195:13-52
214        <activity
214-->src\main\AndroidManifest.xml:196:9-201:55
215            android:name="com.zebra.android.devdemo.statuschannel.StatusChannelScreen"
215-->src\main\AndroidManifest.xml:197:13-87
216            android:configChanges="keyboardHidden|orientation"
216-->src\main\AndroidManifest.xml:198:13-63
217            android:label="Status Channel View"
217-->src\main\AndroidManifest.xml:199:13-48
218            android:screenOrientation="portrait"
218-->src\main\AndroidManifest.xml:200:13-49
219            android:windowSoftInputMode="adjustPan" />
219-->src\main\AndroidManifest.xml:201:13-52
220        <activity
220-->src\main\AndroidManifest.xml:202:9-207:55
221            android:name="com.zebra.android.devdemo.multichannel.MultiChannelDemo"
221-->src\main\AndroidManifest.xml:203:13-83
222            android:configChanges="keyboardHidden|orientation"
222-->src\main\AndroidManifest.xml:204:13-63
223            android:label="Multichannel"
223-->src\main\AndroidManifest.xml:205:13-41
224            android:screenOrientation="portrait"
224-->src\main\AndroidManifest.xml:206:13-49
225            android:windowSoftInputMode="adjustPan" />
225-->src\main\AndroidManifest.xml:207:13-52
226        <activity
226-->src\main\AndroidManifest.xml:208:9-213:55
227            android:name="com.zebra.android.devdemo.multichannel.MultiChannelScreen"
227-->src\main\AndroidManifest.xml:209:13-85
228            android:configChanges="keyboardHidden|orientation"
228-->src\main\AndroidManifest.xml:210:13-63
229            android:label="Multichannel View"
229-->src\main\AndroidManifest.xml:211:13-46
230            android:screenOrientation="portrait"
230-->src\main\AndroidManifest.xml:212:13-49
231            android:windowSoftInputMode="adjustPan" />
231-->src\main\AndroidManifest.xml:213:13-52
232        <activity
232-->src\main\AndroidManifest.xml:214:9-219:55
233            android:name="com.zebra.android.devdemo.connectionbuilder.ConnectionBuilderDemo"
233-->src\main\AndroidManifest.xml:215:13-93
234            android:configChanges="keyboardHidden|orientation"
234-->src\main\AndroidManifest.xml:216:13-63
235            android:label="Connection Builder Demo"
235-->src\main\AndroidManifest.xml:217:13-52
236            android:screenOrientation="portrait"
236-->src\main\AndroidManifest.xml:218:13-49
237            android:windowSoftInputMode="adjustPan" />
237-->src\main\AndroidManifest.xml:219:13-52
238        <activity
238-->src\main\AndroidManifest.xml:220:9-225:55
239            android:name="com.zebra.android.devdemo.receipt.ReceiptDemo"
239-->src\main\AndroidManifest.xml:221:13-73
240            android:configChanges="keyboardHidden|orientation"
240-->src\main\AndroidManifest.xml:222:13-63
241            android:label="Receipt Demo"
241-->src\main\AndroidManifest.xml:223:13-41
242            android:screenOrientation="portrait"
242-->src\main\AndroidManifest.xml:224:13-49
243            android:windowSoftInputMode="adjustPan" />
243-->src\main\AndroidManifest.xml:225:13-52
244        <activity
244-->src\main\AndroidManifest.xml:226:9-231:55
245            android:name="com.zebra.android.devdemo.ChangePIN.ChangePIN"
245-->src\main\AndroidManifest.xml:227:13-73
246            android:configChanges="keyboardHidden|orientation"
246-->src\main\AndroidManifest.xml:228:13-63
247            android:label="Change PIN"
247-->src\main\AndroidManifest.xml:229:13-39
248            android:screenOrientation="portrait"
248-->src\main\AndroidManifest.xml:230:13-49
249            android:windowSoftInputMode="adjustPan" />
249-->src\main\AndroidManifest.xml:231:13-52
250        <activity
250-->src\main\AndroidManifest.xml:232:9-237:45
251            android:name="com.zebra.android.devdemo.util.Options"
251-->src\main\AndroidManifest.xml:233:13-66
252            android:label="Options"
252-->src\main\AndroidManifest.xml:234:13-36
253            android:screenOrientation="portrait"
253-->src\main\AndroidManifest.xml:235:13-49
254            android:windowSoftInputMode="adjustPan" />
254-->src\main\AndroidManifest.xml:236:13-52
255        <activity
255-->src\main\AndroidManifest.xml:238:9-243:45
256            android:name="com.zebra.android.devdemo.sendfile.SendFileDemo"
256-->src\main\AndroidManifest.xml:239:13-75
257            android:label="From Phone"
257-->src\main\AndroidManifest.xml:240:13-39
258            android:screenOrientation="portrait"
258-->src\main\AndroidManifest.xml:241:13-49
259            android:windowSoftInputMode="adjustPan" />
259-->src\main\AndroidManifest.xml:242:13-52
260        <activity
260-->src\main\AndroidManifest.xml:244:9-253:20
261            android:name="com.zebra.android.devdemo.storedformat.CustomScannerActivity"
261-->src\main\AndroidManifest.xml:245:13-88
262            android:exported="true"
262-->src\main\AndroidManifest.xml:247:13-36
263            android:label="@string/app_name" >
263-->src\main\AndroidManifest.xml:246:13-45
264            <intent-filter>
264-->src\main\AndroidManifest.xml:248:13-252:29
265                <action android:name="android.intent.action.MAIN" />
265-->src\main\AndroidManifest.xml:44:17-69
265-->src\main\AndroidManifest.xml:44:25-66
266                <action android:name="android.nfc.action.NDEF_DISCOVERED" />
266-->src\main\AndroidManifest.xml:250:17-77
266-->src\main\AndroidManifest.xml:250:25-74
267                <!-- <category android:name="android.intent.category.LAUNCHER" /> -->
268            </intent-filter>
269        </activity>
270        <activity
270-->[com.journeyapps:zxing-android-embedded:3.6.0] AndroidManifest.xml:47:9-53:63
271            android:name="com.journeyapps.barcodescanner.CaptureActivity"
271-->[com.journeyapps:zxing-android-embedded:3.6.0] AndroidManifest.xml:48:13-74
272            android:clearTaskOnLaunch="true"
272-->[com.journeyapps:zxing-android-embedded:3.6.0] AndroidManifest.xml:49:13-45
273            android:screenOrientation="sensorLandscape"
273-->[com.journeyapps:zxing-android-embedded:3.6.0] AndroidManifest.xml:50:13-56
274            android:stateNotNeeded="true"
274-->[com.journeyapps:zxing-android-embedded:3.6.0] AndroidManifest.xml:51:13-42
275            android:theme="@style/zxing_CaptureTheme"
275-->[com.journeyapps:zxing-android-embedded:3.6.0] AndroidManifest.xml:52:13-54
276            android:windowSoftInputMode="stateAlwaysHidden" />
276-->[com.journeyapps:zxing-android-embedded:3.6.0] AndroidManifest.xml:53:13-60
277    </application>
278
279</manifest>